<?xml version="1.0" encoding="UTF-8"?>
<!-- Generated by org.testng.reporters.JUnitReportReporter -->
<testsuite hostname="ARUNs-MacBook-Air.local" failures="0" tests="1" name="testngpkg.Datadriven" time="5.486" errors="0" timestamp="2023-10-27T21:22:48 IST" skipped="0">
  <testcase classname="testngpkg.Datadriven" name="test" time="5.486"/>
  <system-out/>
</testsuite> <!-- testngpkg.Datadriven -->
