<?xml version="1.0" encoding="UTF-8"?>
<!-- Generated by org.testng.reporters.JUnitReportReporter -->
<testsuite hostname="ARUNs-MacBook-Air.local" failures="0" tests="1" name="testngpkg.Parametertest" time="0.015" errors="0" timestamp="2023-10-18T15:36:04 IST" skipped="0">
  <testcase classname="testngpkg.Parametertest" name="test" time="0.015"/>
  <system-out/>
</testsuite> <!-- testngpkg.Parametertest -->
