<?xml version="1.0" encoding="UTF-8"?>
<!-- Generated by org.testng.reporters.JUnitReportReporter -->
<testsuite hostname="ARUNs-MacBook-Air.local" failures="0" tests="1" name="testngpkg.Multiplewindowhandling" time="19.116" errors="0" timestamp="2023-10-29T19:09:46 IST" skipped="0">
  <testcase classname="testngpkg.Multiplewindowhandling" name="test" time="19.116"/>
  <system-out/>
</testsuite> <!-- testngpkg.Multiplewindowhandling -->
