<?xml version="1.0" encoding="UTF-8"?>
<!-- Generated by org.testng.reporters.JUnitReportReporter -->
<testsuite hostname="ARUNs-MacBook-Air.local" failures="0" tests="2" name="testngpkg.TestngDemo" time="0.029" errors="0" timestamp="2023-10-18T14:43:04 IST" skipped="1">
  <testcase classname="testngpkg.TestngDemo" name="test2" time="0.029"/>
  <system-out/>
  <testcase classname="testngpkg.TestngDemo" name="test1">
    <skipped/>
  </testcase> <!-- test1 -->
  <system-out/>
</testsuite> <!-- testngpkg.TestngDemo -->
