<?xml version="1.0" encoding="UTF-8"?>
<!-- Generated by org.testng.reporters.JUnitReportReporter -->
<testsuite hostname="192.168.1.6" failures="0" tests="1" name="testngpkg.Demoguru" time="0.328" errors="0" timestamp="2023-10-20T14:07:15 IST" skipped="0">
  <testcase classname="testngpkg.Demoguru" name="demogurutext" time="0.328"/>
  <system-out/>
</testsuite> <!-- testngpkg.Demoguru -->
