<?xml version="1.0" encoding="UTF-8"?>
<!-- Generated by org.testng.reporters.JUnitReportReporter -->
<testsuite hostname="ARUNs-MacBook-Air.local" failures="0" tests="2" name="testngpkg.testnggrouping" time="0.023" errors="0" timestamp="2023-10-19T13:44:54 IST" skipped="0">
  <testcase classname="testngpkg.testnggrouping" name="test1" time="0.021"/>
  <system-out/>
  <testcase classname="testngpkg.testnggrouping" name="test2" time="0.002"/>
  <system-out/>
</testsuite> <!-- testngpkg.testnggrouping -->
