<?xml version="1.0" encoding="UTF-8"?>
<!-- Generated by org.testng.reporters.JUnitReportReporter -->
<testsuite hostname="ARUNs-MacBook-Air.local" failures="0" tests="1" name="testngpkg.Copypaste" time="0.566" errors="0" timestamp="2023-10-19T15:02:17 IST" skipped="0">
  <testcase classname="testngpkg.Copypaste" name="test" time="0.566"/>
  <system-out/>
</testsuite> <!-- testngpkg.Copypaste -->
