<?xml version="1.0" encoding="UTF-8"?>
<!-- Generated by org.testng.reporters.JUnitReportReporter -->
<testsuite hostname="ARUNs-MacBook-Air.local" failures="0" tests="1" name="testngpkg.Fblogoin" time="0.336" errors="0" timestamp="2023-10-19T14:34:53 IST" skipped="0">
  <testcase classname="testngpkg.Fblogoin" name="test1" time="0.336"/>
  <system-out/>
</testsuite> <!-- testngpkg.Fblogoin -->
