<?xml version="1.0" encoding="UTF-8"?>
<!-- Generated by org.testng.reporters.JUnitReportReporter -->
<testsuite hostname="ARUNs-MacBook-Air.local" failures="0" tests="1" name="testngpkg.Browsernotificationhandle" time="27.205" errors="0" timestamp="2023-10-28T19:52:04 IST" skipped="0">
  <testcase classname="testngpkg.Browsernotificationhandle" name="test" time="27.205"/>
  <system-out/>
</testsuite> <!-- testngpkg.Browsernotificationhandle -->
