<?xml version="1.0" encoding="UTF-8"?>
<!-- Generated by org.testng.reporters.JUnitReportReporter -->
<testsuite hostname="ARUNs-MacBook-Air.local" failures="0" tests="1" name="testngpkg.Datepickerbooking" time="6.058" errors="0" timestamp="2023-10-31T13:58:46 IST" skipped="0">
  <testcase classname="testngpkg.Datepickerbooking" name="datepicker" time="6.058"/>
  <system-out/>
</testsuite> <!-- testngpkg.Datepickerbooking -->
