<?xml version="1.0" encoding="UTF-8"?>
<!-- Generated by org.testng.reporters.JUnitReportReporter -->
<testsuite hostname="ARUNs-MacBook-Air.local" failures="0" tests="1" name="testngpkg.Fileuploadrobottclass" time="11.062" errors="0" timestamp="2023-10-27T22:00:46 IST" skipped="0">
  <testcase classname="testngpkg.Fileuploadrobottclass" name="fileuploadpgm" time="11.062"/>
  <system-out/>
</testsuite> <!-- testngpkg.Fileuploadrobottclass -->
