<?xml version="1.0" encoding="UTF-8"?>
<!-- Generated by org.testng.reporters.JUnitReportReporter -->
<testsuite hostname="192.168.1.6" failures="0" tests="1" name="testngpkg.Ebaymousehover" time="3.688" errors="0" timestamp="2023-10-20T15:32:26 IST" skipped="0">
  <testcase classname="testngpkg.Ebaymousehover" name="test1" time="3.688"/>
  <system-out/>
</testsuite> <!-- testngpkg.Ebaymousehover -->
