<?xml version="1.0" encoding="UTF-8"?>
<!-- Generated by org.testng.reporters.JUnitReportReporter -->
<testsuite hostname="ARUNs-MacBook-Air.local" failures="0" tests="1" name="testngpkg.Dragnddrop" time="1.491" errors="0" timestamp="2023-10-25T13:56:52 IST" skipped="0">
  <testcase classname="testngpkg.Dragnddrop" name="dragdrop" time="1.491"/>
  <system-out/>
</testsuite> <!-- testngpkg.Dragnddrop -->
